# JRE version: OpenJDK Runtime Environment (17.0.9) (build 17.0.9+0--11185874)
# Java VM: OpenJDK 64-Bit Server VM (17.0.9+0--11185874, mixed mode, tiered, compressed oops, compressed class ptrs, g1 gc, windows-amd64)
GC Precious Log:
 CPUs: 4 total, 4 available
 Memory: 4012M
 Large Page Support: Disabled
 NUMA Support: Disabled
 Compressed Oops: Enabled (32-bit)
 Heap Region Size: 1M
 Heap Min Capacity: 8M
 Heap Initial Capacity: 64M
 Heap Max Capacity: 1004M
 Pre-touch: Disabled
 Parallel Workers: 4
 Concurrent Workers: 1
 Concurrent Refinement Workers: 4
 Periodic GC: Disabled
Heap:
 garbage-first heap   total 215040K, used 79828K [0x00000000c1400000, 0x0000000100000000)
  region size 1024K, 3 young (3072K), 3 survivors (3072K)
 Metaspace       used 86653K, committed 87040K, reserved 1179648K
  class space    used 9342K, committed 9536K, reserved 1048576K
GC Heap History (20 events):
Event: 11.336 GC heap after
{Heap after GC invocations=22 (full 0):
 garbage-first heap   total 215040K, used 40236K [0x00000000c1400000, 0x0000000100000000)
  region size 1024K, 2 young (2048K), 2 survivors (2048K)
 Metaspace       used 52270K, committed 52480K, reserved 1114112K
  class space    used 6196K, committed 6272K, reserved 1048576K
}
Event: 14.910 GC heap before
{Heap before GC invocations=23 (full 0):
 garbage-first heap   total 140288K, used 122156K [0x00000000c1400000, 0x0000000100000000)
  region size 1024K, 82 young (83968K), 2 survivors (2048K)
 Metaspace       used 57139K, committed 57344K, reserved 1114112K
  class space    used 6705K, committed 6784K, reserved 1048576K
}
Event: 14.950 GC heap after
{Heap after GC invocations=24 (full 0):
 garbage-first heap   total 140288K, used 50628K [0x00000000c1400000, 0x0000000100000000)
  region size 1024K, 11 young (11264K), 11 survivors (11264K)
 Metaspace       used 57139K, committed 57344K, reserved 1114112K
  class space    used 6705K, committed 6784K, reserved 1048576K
}
Event: 15.016 GC heap before
{Heap before GC invocations=24 (full 0):
 garbage-first heap   total 140288K, used 51652K [0x00000000c1400000, 0x0000000100000000)
  region size 1024K, 12 young (12288K), 11 survivors (11264K)
 Metaspace       used 57212K, committed 57472K, reserved 1114112K
  class space    used 6713K, committed 6848K, reserved 1048576K
}
Event: 15.063 GC heap after
{Heap after GC invocations=25 (full 0):
 garbage-first heap   total 140288K, used 51716K [0x00000000c1400000, 0x0000000100000000)
  region size 1024K, 2 young (2048K), 2 survivors (2048K)
 Metaspace       used 57212K, committed 57472K, reserved 1114112K
  class space    used 6713K, committed 6848K, reserved 1048576K
}
Event: 18.121 GC heap before
{Heap before GC invocations=25 (full 0):
 garbage-first heap   total 140288K, used 98820K [0x00000000c1400000, 0x0000000100000000)
  region size 1024K, 48 young (49152K), 2 survivors (2048K)
 Metaspace       used 59394K, committed 59712K, reserved 1114112K
  class space    used 6780K, committed 6912K, reserved 1048576K
}
Event: 18.133 GC heap after
{Heap after GC invocations=26 (full 0):
 garbage-first heap   total 140288K, used 55028K [0x00000000c1400000, 0x0000000100000000)
  region size 1024K, 5 young (5120K), 5 survivors (5120K)
 Metaspace       used 59394K, committed 59712K, reserved 1114112K
  class space    used 6780K, committed 6912K, reserved 1048576K
}
Event: 20.300 GC heap before
{Heap before GC invocations=26 (full 0):
 garbage-first heap   total 140288K, used 103156K [0x00000000c1400000, 0x0000000100000000)
  region size 1024K, 52 young (53248K), 5 survivors (5120K)
 Metaspace       used 65284K, committed 65600K, reserved 1114112K
  class space    used 7369K, committed 7552K, reserved 1048576K
}
Event: 20.329 GC heap after
{Heap after GC invocations=27 (full 0):
 garbage-first heap   total 140288K, used 59547K [0x00000000c1400000, 0x0000000100000000)
  region size 1024K, 5 young (5120K), 5 survivors (5120K)
 Metaspace       used 65284K, committed 65600K, reserved 1114112K
  class space    used 7369K, committed 7552K, reserved 1048576K
}
Event: 22.570 GC heap before
{Heap before GC invocations=27 (full 0):
 garbage-first heap   total 140288K, used 106651K [0x00000000c1400000, 0x0000000100000000)
  region size 1024K, 51 young (52224K), 5 survivors (5120K)
 Metaspace       used 69738K, committed 70016K, reserved 1114112K
  class space    used 7857K, committed 8000K, reserved 1048576K
}
Event: 22.601 GC heap after
{Heap after GC invocations=28 (full 0):
 garbage-first heap   total 140288K, used 66075K [0x00000000c1400000, 0x0000000100000000)
  region size 1024K, 7 young (7168K), 7 survivors (7168K)
 Metaspace       used 69738K, committed 70016K, reserved 1114112K
  class space    used 7857K, committed 8000K, reserved 1048576K
}
Event: 24.547 GC heap before
{Heap before GC invocations=28 (full 0):
 garbage-first heap   total 140288K, used 109083K [0x00000000c1400000, 0x0000000100000000)
  region size 1024K, 49 young (50176K), 7 survivors (7168K)
 Metaspace       used 74393K, committed 74752K, reserved 1179648K
  class space    used 8321K, committed 8512K, reserved 1048576K
}
Event: 24.588 GC heap after
{Heap after GC invocations=29 (full 0):
 garbage-first heap   total 140288K, used 71553K [0x00000000c1400000, 0x0000000100000000)
  region size 1024K, 6 young (6144K), 6 survivors (6144K)
 Metaspace       used 74393K, committed 74752K, reserved 1179648K
  class space    used 8321K, committed 8512K, reserved 1048576K
}
Event: 26.667 GC heap before
{Heap before GC invocations=29 (full 0):
 garbage-first heap   total 140288K, used 110465K [0x00000000c1400000, 0x0000000100000000)
  region size 1024K, 44 young (45056K), 6 survivors (6144K)
 Metaspace       used 79887K, committed 80320K, reserved 1179648K
  class space    used 8872K, committed 9088K, reserved 1048576K
}
Event: 26.716 GC heap after
{Heap after GC invocations=30 (full 0):
 garbage-first heap   total 140288K, used 75851K [0x00000000c1400000, 0x0000000100000000)
  region size 1024K, 5 young (5120K), 5 survivors (5120K)
 Metaspace       used 79887K, committed 80320K, reserved 1179648K
  class space    used 8872K, committed 9088K, reserved 1048576K
}
Event: 28.407 GC heap before
{Heap before GC invocations=30 (full 0):
 garbage-first heap   total 140288K, used 111691K [0x00000000c1400000, 0x0000000100000000)
  region size 1024K, 40 young (40960K), 5 survivors (5120K)
 Metaspace       used 84662K, committed 84992K, reserved 1179648K
  class space    used 9237K, committed 9408K, reserved 1048576K
}
Event: 28.446 GC heap after
{Heap after GC invocations=31 (full 0):
 garbage-first heap   total 140288K, used 77335K [0x00000000c1400000, 0x0000000100000000)
  region size 1024K, 2 young (2048K), 2 survivors (2048K)
 Metaspace       used 84662K, committed 84992K, reserved 1179648K
  class space    used 9237K, committed 9408K, reserved 1048576K
}
Event: 29.414 GC heap before
{Heap before GC invocations=31 (full 0):
 garbage-first heap   total 140288K, used 114199K [0x00000000c1400000, 0x0000000100000000)
  region size 1024K, 38 young (38912K), 2 survivors (2048K)
 Metaspace       used 85714K, committed 86080K, reserved 1179648K
  class space    used 9272K, committed 9472K, reserved 1048576K
}
Event: 29.435 GC heap after
{Heap after GC invocations=32 (full 0):
 garbage-first heap   total 140288K, used 80725K [0x00000000c1400000, 0x0000000100000000)
  region size 1024K, 5 young (5120K), 5 survivors (5120K)
 Metaspace       used 85714K, committed 86080K, reserved 1179648K
  class space    used 9272K, committed 9472K, reserved 1048576K
}
Event: 30.285 GC heap before
{Heap before GC invocations=32 (full 0):
 garbage-first heap   total 140288K, used 114517K [0x00000000c1400000, 0x0000000100000000)
  region size 1024K, 38 young (38912K), 5 survivors (5120K)
 Metaspace       used 86653K, committed 87040K, reserved 1179648K
  class space    used 9342K, committed 9536K, reserved 1048576K
}

